[debug] [2024-11-06T18:46:03.687Z] ----------------------------------------------------------------------
[debug] [2024-11-06T18:46:03.691Z] Command:       C:\Program Files\nodejs\node.exe C:\Users\Администратор\AppData\Roaming\npm\node_modules\firebase-tools\lib\bin\firebase.js init
[debug] [2024-11-06T18:46:03.691Z] CLI Version:   13.24.1
[debug] [2024-11-06T18:46:03.692Z] Platform:      win32
[debug] [2024-11-06T18:46:03.692Z] Node Version:  v20.17.0
[debug] [2024-11-06T18:46:03.692Z] Time:          Wed Nov 06 2024 20:46:03 GMT+0200 (Восточная Европа, стандартное время)
[debug] [2024-11-06T18:46:03.692Z] ----------------------------------------------------------------------
[debug] 
[debug] [2024-11-06T18:46:03.702Z] > command requires scopes: ["email","openid","https://www.googleapis.com/auth/cloudplatformprojects.readonly","https://www.googleapis.com/auth/firebase","https://www.googleapis.com/auth/cloud-platform"]
[debug] [2024-11-06T18:46:03.702Z] > authorizing via signed-in user (koval2915@gmail.com)
[info] 
     ######## #### ########  ######## ########     ###     ######  ########
     ##        ##  ##     ## ##       ##     ##  ##   ##  ##       ##
     ######    ##  ########  ######   ########  #########  ######  ######
     ##        ##  ##    ##  ##       ##     ## ##     ##       ## ##
     ##       #### ##     ## ######## ########  ##     ##  ######  ########

You're about to initialize a Firebase project in this directory:

  C:\Lab10\Lab9\Lab8\simple-react-app

Before we get started, keep in mind:

  * You are currently outside your home directory

[info] 
=== Project Setup
[info] 
[info] First, let's associate this project directory with a Firebase project.
[info] You can create multiple project aliases by running firebase use --add, 
[info] but for now we'll just set up a default project.
[info] 
[debug] [2024-11-06T18:46:27.662Z] Checked if tokens are valid: true, expires at: 1730922320939
[debug] [2024-11-06T18:46:27.662Z] Checked if tokens are valid: true, expires at: 1730922320939
[debug] [2024-11-06T18:46:27.664Z] >>> [apiv2][query] GET https://firebase.googleapis.com/v1beta1/projects pageSize=100
[debug] [2024-11-06T18:46:28.229Z] <<< [apiv2][status] GET https://firebase.googleapis.com/v1beta1/projects 200
[debug] [2024-11-06T18:46:28.229Z] <<< [apiv2][body] GET https://firebase.googleapis.com/v1beta1/projects [omitted]
[info] i  Using project lab10-a744d (Lab10) 
[info] 
=== Dataconnect Setup
[debug] [2024-11-06T18:46:33.715Z] Checked if tokens are valid: true, expires at: 1730922320939
[debug] [2024-11-06T18:46:33.715Z] Checked if tokens are valid: true, expires at: 1730922320939
[debug] [2024-11-06T18:46:33.715Z] >>> [apiv2][query] GET https://cloudbilling.googleapis.com/v1/projects/lab10-a744d/billingInfo [none]
[debug] [2024-11-06T18:46:34.208Z] <<< [apiv2][status] GET https://cloudbilling.googleapis.com/v1/projects/lab10-a744d/billingInfo 200
[debug] [2024-11-06T18:46:34.209Z] <<< [apiv2][body] GET https://cloudbilling.googleapis.com/v1/projects/lab10-a744d/billingInfo {"name":"projects/lab10-a744d/billingInfo","projectId":"lab10-a744d","billingAccountName":"","billingEnabled":false}
[info] i  dataconnect: ensuring required API sqladmin.googleapis.com is enabled... 
[debug] [2024-11-06T18:46:34.210Z] Checked if tokens are valid: true, expires at: 1730922320939
[debug] [2024-11-06T18:46:34.210Z] Checked if tokens are valid: true, expires at: 1730922320939
[debug] [2024-11-06T18:46:34.210Z] >>> [apiv2][query] GET https://serviceusage.googleapis.com/v1/projects/lab10-a744d/services/sqladmin.googleapis.com [none]
[debug] [2024-11-06T18:46:34.210Z] >>> [apiv2][(partial)header] GET https://serviceusage.googleapis.com/v1/projects/lab10-a744d/services/sqladmin.googleapis.com x-goog-quota-user=projects/lab10-a744d
[debug] [2024-11-06T18:46:35.363Z] <<< [apiv2][status] GET https://serviceusage.googleapis.com/v1/projects/lab10-a744d/services/sqladmin.googleapis.com 200
[debug] [2024-11-06T18:46:35.363Z] <<< [apiv2][body] GET https://serviceusage.googleapis.com/v1/projects/lab10-a744d/services/sqladmin.googleapis.com [omitted]
[warn] !  dataconnect: missing required API sqladmin.googleapis.com. Enabling now... 
[debug] [2024-11-06T18:46:35.364Z] Checked if tokens are valid: true, expires at: 1730922320939
[debug] [2024-11-06T18:46:35.364Z] Checked if tokens are valid: true, expires at: 1730922320939
[debug] [2024-11-06T18:46:35.364Z] >>> [apiv2][query] POST https://serviceusage.googleapis.com/v1/projects/lab10-a744d/services/sqladmin.googleapis.com:enable [none]
[debug] [2024-11-06T18:46:35.365Z] >>> [apiv2][(partial)header] POST https://serviceusage.googleapis.com/v1/projects/lab10-a744d/services/sqladmin.googleapis.com:enable x-goog-quota-user=projects/lab10-a744d
[debug] [2024-11-06T18:46:36.797Z] <<< [apiv2][status] POST https://serviceusage.googleapis.com/v1/projects/lab10-a744d/services/sqladmin.googleapis.com:enable 200
[debug] [2024-11-06T18:46:36.797Z] <<< [apiv2][body] POST https://serviceusage.googleapis.com/v1/projects/lab10-a744d/services/sqladmin.googleapis.com:enable [omitted]
[debug] [2024-11-06T18:46:46.807Z] Checked if tokens are valid: true, expires at: 1730922320939
[debug] [2024-11-06T18:46:46.807Z] Checked if tokens are valid: true, expires at: 1730922320939
[debug] [2024-11-06T18:46:46.807Z] >>> [apiv2][query] GET https://serviceusage.googleapis.com/v1/projects/lab10-a744d/services/sqladmin.googleapis.com [none]
[debug] [2024-11-06T18:46:46.807Z] >>> [apiv2][(partial)header] GET https://serviceusage.googleapis.com/v1/projects/lab10-a744d/services/sqladmin.googleapis.com x-goog-quota-user=projects/lab10-a744d
[debug] [2024-11-06T18:46:47.953Z] <<< [apiv2][status] GET https://serviceusage.googleapis.com/v1/projects/lab10-a744d/services/sqladmin.googleapis.com 200
[debug] [2024-11-06T18:46:47.953Z] <<< [apiv2][body] GET https://serviceusage.googleapis.com/v1/projects/lab10-a744d/services/sqladmin.googleapis.com [omitted]
[info] +  dataconnect: required API sqladmin.googleapis.com is enabled 
[info] +  Wrote dataconnect\dataconnect.yaml 
[info] +  Wrote dataconnect\schema\schema.gql 
[info] +  Wrote dataconnect\connector\connector.yaml 
[info] +  Wrote dataconnect\connector\queries.gql 
[info] +  Wrote dataconnect\connector\mutations.gql 
[info] +  Detected WEB app in directory C:\Lab10\Lab9\Lab8\simple-react-app 
[info] i  Wrote new config to C:\Lab10\Lab9\Lab8\simple-react-app\dataconnect\connector/connector.yaml 
[info] i  dataconnect: downloading dataconnect-emulator-1.6.0.exe... {"metadata":{"emulator":{"name":"dataconnect"},"message":"downloading dataconnect-emulator-1.6.0.exe..."}}
[debug] [2024-11-06T18:46:56.565Z] >>> [apiv2][query] GET https://storage.googleapis.com/firemat-preview-drop/emulator/dataconnect-emulator-windows-v1.6.0 
[debug] [2024-11-06T18:46:56.929Z] <<< [apiv2][status] GET https://storage.googleapis.com/firemat-preview-drop/emulator/dataconnect-emulator-windows-v1.6.0 200
[debug] [2024-11-06T18:46:56.930Z] <<< [apiv2][body] GET https://storage.googleapis.com/firemat-preview-drop/emulator/dataconnect-emulator-windows-v1.6.0 [stream]
[info] I1106 20:47:01.789046   10040 codegen.go:82] [connector "default" javascriptSdk] Generating sources into "C:\\Lab10\\Lab9\\Lab8\\simple-react-app\\dataconnect-generated\\js\\default-connector"
I1106 20:47:01.844320   10040 generate.go:40] Generated all sources. Writing them to disk...
I1106 20:47:01.859377   10040 collector.go:107] connector "default" javascriptSdk wrote into "C:\\Lab10\\Lab9\\Lab8\\simple-react-app\\dataconnect-generated\\js\\default-connector"
Generated sources: index.d.ts [264B] esm\index.esm.js [189B] esm\package.json [17B] index.cjs.js [230B] package.json [623B] 
I1106 20:47:01.895380   10040 installsdk.go:76] Running command: C:\Program Files\nodejs\npm.cmd install file:dataconnect-generated\js\default-connector

[info] i  Generated SDK code for default 
[info] +  If you'd like to add more generated SDKs to your app your later, run firebase init dataconnect:sdk again 
[info] i  If you'd like to provision a CloudSQL Postgres instance on the Firebase Data Connect no-cost trial:
1. Please upgrade to the pay-as-you-go (Blaze) billing plan. Visit the following page:
     https://console.firebase.google.com/project/lab10-a744d/usage/details
2. Run firebase init dataconnect again to configure the Cloud SQL instance.
3. Run firebase deploy --only dataconnect to deploy your Data Connect service. 
[info] 
=== Firestore Setup
[debug] [2024-11-06T18:47:07.851Z] Checked if tokens are valid: true, expires at: 1730922320939
[debug] [2024-11-06T18:47:07.851Z] Checked if tokens are valid: true, expires at: 1730922320939
[debug] [2024-11-06T18:47:07.852Z] >>> [apiv2][query] GET https://serviceusage.googleapis.com/v1/projects/lab10-a744d/services/firestore.googleapis.com [none]
[debug] [2024-11-06T18:47:07.852Z] >>> [apiv2][(partial)header] GET https://serviceusage.googleapis.com/v1/projects/lab10-a744d/services/firestore.googleapis.com x-goog-quota-user=projects/lab10-a744d
[debug] [2024-11-06T18:47:08.881Z] <<< [apiv2][status] GET https://serviceusage.googleapis.com/v1/projects/lab10-a744d/services/firestore.googleapis.com 200
[debug] [2024-11-06T18:47:08.881Z] <<< [apiv2][body] GET https://serviceusage.googleapis.com/v1/projects/lab10-a744d/services/firestore.googleapis.com [omitted]
[debug] [2024-11-06T18:47:08.881Z] Checked if tokens are valid: true, expires at: 1730922320939
[debug] [2024-11-06T18:47:08.881Z] Checked if tokens are valid: true, expires at: 1730922320939
[debug] [2024-11-06T18:47:08.881Z] >>> [apiv2][query] GET https://firestore.googleapis.com/v1/projects/lab10-a744d/databases/(default) [none]
[debug] [2024-11-06T18:47:09.857Z] <<< [apiv2][status] GET https://firestore.googleapis.com/v1/projects/lab10-a744d/databases/(default) 200
[debug] [2024-11-06T18:47:09.857Z] <<< [apiv2][body] GET https://firestore.googleapis.com/v1/projects/lab10-a744d/databases/(default) {"name":"projects/lab10-a744d/databases/(default)","uid":"18b199d0-0581-4611-b80b-538236498f4a","createTime":"2024-11-06T18:26:22.053321Z","updateTime":"2024-11-06T18:26:22.053321Z","locationId":"nam5","type":"FIRESTORE_NATIVE","concurrencyMode":"PESSIMISTIC","versionRetentionPeriod":"3600s","earliestVersionTime":"2024-11-06T18:26:22.053321Z","appEngineIntegrationMode":"DISABLED","keyPrefix":"s","pointInTimeRecoveryEnablement":"POINT_IN_TIME_RECOVERY_DISABLED","deleteProtectionState":"DELETE_PROTECTION_DISABLED","etag":"IISn5o+vyIkDMMm/9LyqyIkD"}
[debug] [2024-11-06T18:47:09.857Z] database_type: FIRESTORE_NATIVE
[debug] [2024-11-06T18:47:09.857Z] database_type: FIRESTORE_NATIVE
[debug] [2024-11-06T18:47:09.857Z] > command requires scopes: ["email","openid","https://www.googleapis.com/auth/cloudplatformprojects.readonly","https://www.googleapis.com/auth/firebase","https://www.googleapis.com/auth/cloud-platform"]
[debug] [2024-11-06T18:47:09.857Z] > authorizing via signed-in user (koval2915@gmail.com)
[debug] [2024-11-06T18:47:09.858Z] [iam] checking project lab10-a744d for permissions ["firebase.projects.get"]
[debug] [2024-11-06T18:47:09.858Z] Checked if tokens are valid: true, expires at: 1730922320939
[debug] [2024-11-06T18:47:09.858Z] Checked if tokens are valid: true, expires at: 1730922320939
[debug] [2024-11-06T18:47:09.858Z] >>> [apiv2][query] POST https://cloudresourcemanager.googleapis.com/v1/projects/lab10-a744d:testIamPermissions [none]
[debug] [2024-11-06T18:47:09.858Z] >>> [apiv2][(partial)header] POST https://cloudresourcemanager.googleapis.com/v1/projects/lab10-a744d:testIamPermissions x-goog-quota-user=projects/lab10-a744d
[debug] [2024-11-06T18:47:09.858Z] >>> [apiv2][body] POST https://cloudresourcemanager.googleapis.com/v1/projects/lab10-a744d:testIamPermissions {"permissions":["firebase.projects.get"]}
[debug] [2024-11-06T18:47:10.722Z] <<< [apiv2][status] POST https://cloudresourcemanager.googleapis.com/v1/projects/lab10-a744d:testIamPermissions 200
[debug] [2024-11-06T18:47:10.722Z] <<< [apiv2][body] POST https://cloudresourcemanager.googleapis.com/v1/projects/lab10-a744d:testIamPermissions {"permissions":["firebase.projects.get"]}
[info] 
[info] Firestore Security Rules allow you to define how and when to allow
[info] requests. You can keep these rules in your project directory
[info] and publish them with firebase deploy.
[info] 
[debug] [2024-11-06T18:47:14.835Z] Checked if tokens are valid: true, expires at: 1730922320939
[debug] [2024-11-06T18:47:14.835Z] Checked if tokens are valid: true, expires at: 1730922320939
[debug] [2024-11-06T18:47:14.835Z] >>> [apiv2][query] GET https://firebaserules.googleapis.com/v1/projects/lab10-a744d/releases pageSize=10&pageToken=
[debug] [2024-11-06T18:47:15.730Z] <<< [apiv2][status] GET https://firebaserules.googleapis.com/v1/projects/lab10-a744d/releases 200
[debug] [2024-11-06T18:47:15.731Z] <<< [apiv2][body] GET https://firebaserules.googleapis.com/v1/projects/lab10-a744d/releases {"releases":[{"name":"projects/lab10-a744d/releases/cloud.firestore","rulesetName":"projects/lab10-a744d/rulesets/2917176e-4f8a-4e38-94b1-38a55454de17","createTime":"2024-11-06T18:26:26.059269Z","updateTime":"2024-11-06T18:26:26.059269Z"}]}
[debug] [2024-11-06T18:47:15.731Z] Found ruleset: projects/lab10-a744d/rulesets/2917176e-4f8a-4e38-94b1-38a55454de17
[debug] [2024-11-06T18:47:15.731Z] Checked if tokens are valid: true, expires at: 1730922320939
[debug] [2024-11-06T18:47:15.731Z] Checked if tokens are valid: true, expires at: 1730922320939
[debug] [2024-11-06T18:47:15.731Z] >>> [apiv2][query] GET https://firebaserules.googleapis.com/v1/projects/lab10-a744d/rulesets/2917176e-4f8a-4e38-94b1-38a55454de17 [none]
[debug] [2024-11-06T18:47:16.425Z] <<< [apiv2][status] GET https://firebaserules.googleapis.com/v1/projects/lab10-a744d/rulesets/2917176e-4f8a-4e38-94b1-38a55454de17 200
[debug] [2024-11-06T18:47:16.425Z] <<< [apiv2][body] GET https://firebaserules.googleapis.com/v1/projects/lab10-a744d/rulesets/2917176e-4f8a-4e38-94b1-38a55454de17 [omitted]
[info] 
[info] Firestore indexes allow you to perform complex queries while
[info] maintaining performance that scales with the size of the result
[info] set. You can keep index definitions in your project directory
[info] and publish them with firebase deploy.
[info] 
[debug] [2024-11-06T18:47:17.682Z] Checked if tokens are valid: true, expires at: 1730922320939
[debug] [2024-11-06T18:47:17.682Z] Checked if tokens are valid: true, expires at: 1730922320939
[debug] [2024-11-06T18:47:17.682Z] Checked if tokens are valid: true, expires at: 1730922320939
[debug] [2024-11-06T18:47:17.683Z] Checked if tokens are valid: true, expires at: 1730922320939
[debug] [2024-11-06T18:47:17.683Z] >>> [apiv2][query] GET https://firestore.googleapis.com/v1/projects/lab10-a744d/databases/(default)/collectionGroups/-/indexes [none]
[debug] [2024-11-06T18:47:17.685Z] >>> [apiv2][query] GET https://firestore.googleapis.com/v1/projects/lab10-a744d/databases/(default)/collectionGroups/-/fields?filter=indexConfig.usesAncestorConfig=false OR ttlConfig:* [none]
[debug] [2024-11-06T18:47:18.568Z] <<< [apiv2][status] GET https://firestore.googleapis.com/v1/projects/lab10-a744d/databases/(default)/collectionGroups/-/indexes 200
[debug] [2024-11-06T18:47:18.568Z] <<< [apiv2][body] GET https://firestore.googleapis.com/v1/projects/lab10-a744d/databases/(default)/collectionGroups/-/indexes {}
[debug] [2024-11-06T18:47:18.988Z] <<< [apiv2][status] GET https://firestore.googleapis.com/v1/projects/lab10-a744d/databases/(default)/collectionGroups/-/fields?filter=indexConfig.usesAncestorConfig=false OR ttlConfig:* 200
[debug] [2024-11-06T18:47:18.988Z] <<< [apiv2][body] GET https://firestore.googleapis.com/v1/projects/lab10-a744d/databases/(default)/collectionGroups/-/fields?filter=indexConfig.usesAncestorConfig=false OR ttlConfig:* {"fields":[{"name":"projects/lab10-a744d/databases/(default)/collectionGroups/__default__/fields/*","indexConfig":{"indexes":[{"queryScope":"COLLECTION","fields":[{"fieldPath":"*","order":"ASCENDING"}],"state":"READY"},{"queryScope":"COLLECTION","fields":[{"fieldPath":"*","order":"DESCENDING"}],"state":"READY"},{"queryScope":"COLLECTION","fields":[{"fieldPath":"*","arrayConfig":"CONTAINS"}],"state":"READY"}]}}]}
[info] 
=== Genkit Setup
[debug] [2024-11-06T18:47:26.028Z] > command requires scopes: ["email","openid","https://www.googleapis.com/auth/cloudplatformprojects.readonly","https://www.googleapis.com/auth/firebase","https://www.googleapis.com/auth/cloud-platform"]
[debug] [2024-11-06T18:47:26.028Z] > authorizing via signed-in user (koval2915@gmail.com)
[debug] [2024-11-06T18:47:26.028Z] [iam] checking project lab10-a744d for permissions ["firebase.projects.get"]
[debug] [2024-11-06T18:47:26.028Z] Checked if tokens are valid: true, expires at: 1730922320939
[debug] [2024-11-06T18:47:26.028Z] Checked if tokens are valid: true, expires at: 1730922320939
[debug] [2024-11-06T18:47:26.028Z] >>> [apiv2][query] POST https://cloudresourcemanager.googleapis.com/v1/projects/lab10-a744d:testIamPermissions [none]
[debug] [2024-11-06T18:47:26.028Z] >>> [apiv2][(partial)header] POST https://cloudresourcemanager.googleapis.com/v1/projects/lab10-a744d:testIamPermissions x-goog-quota-user=projects/lab10-a744d
[debug] [2024-11-06T18:47:26.028Z] >>> [apiv2][body] POST https://cloudresourcemanager.googleapis.com/v1/projects/lab10-a744d:testIamPermissions {"permissions":["firebase.projects.get"]}
[debug] [2024-11-06T18:47:26.848Z] <<< [apiv2][status] POST https://cloudresourcemanager.googleapis.com/v1/projects/lab10-a744d:testIamPermissions 200
[debug] [2024-11-06T18:47:26.849Z] <<< [apiv2][body] POST https://cloudresourcemanager.googleapis.com/v1/projects/lab10-a744d:testIamPermissions {"permissions":["firebase.projects.get"]}
[debug] [2024-11-06T18:47:26.849Z] Checked if tokens are valid: true, expires at: 1730922320939
[debug] [2024-11-06T18:47:26.849Z] Checked if tokens are valid: true, expires at: 1730922320939
[debug] [2024-11-06T18:47:26.849Z] Checked if tokens are valid: true, expires at: 1730922320939
[debug] [2024-11-06T18:47:26.849Z] Checked if tokens are valid: true, expires at: 1730922320939
[debug] [2024-11-06T18:47:26.849Z] >>> [apiv2][query] GET https://serviceusage.googleapis.com/v1/projects/lab10-a744d/services/cloudfunctions.googleapis.com [none]
[debug] [2024-11-06T18:47:26.849Z] >>> [apiv2][(partial)header] GET https://serviceusage.googleapis.com/v1/projects/lab10-a744d/services/cloudfunctions.googleapis.com x-goog-quota-user=projects/lab10-a744d
[debug] [2024-11-06T18:47:26.852Z] >>> [apiv2][query] GET https://serviceusage.googleapis.com/v1/projects/lab10-a744d/services/runtimeconfig.googleapis.com [none]
[debug] [2024-11-06T18:47:26.852Z] >>> [apiv2][(partial)header] GET https://serviceusage.googleapis.com/v1/projects/lab10-a744d/services/runtimeconfig.googleapis.com x-goog-quota-user=projects/lab10-a744d
[debug] [2024-11-06T18:47:27.849Z] <<< [apiv2][status] GET https://serviceusage.googleapis.com/v1/projects/lab10-a744d/services/runtimeconfig.googleapis.com 200
[debug] [2024-11-06T18:47:27.849Z] <<< [apiv2][body] GET https://serviceusage.googleapis.com/v1/projects/lab10-a744d/services/runtimeconfig.googleapis.com [omitted]
[debug] [2024-11-06T18:47:27.854Z] <<< [apiv2][status] GET https://serviceusage.googleapis.com/v1/projects/lab10-a744d/services/cloudfunctions.googleapis.com 200
[debug] [2024-11-06T18:47:27.854Z] <<< [apiv2][body] GET https://serviceusage.googleapis.com/v1/projects/lab10-a744d/services/cloudfunctions.googleapis.com [omitted]
[debug] [2024-11-06T18:47:27.854Z] Checked if tokens are valid: true, expires at: 1730922320939
[debug] [2024-11-06T18:47:27.854Z] Checked if tokens are valid: true, expires at: 1730922320939
[debug] [2024-11-06T18:47:27.854Z] >>> [apiv2][query] POST https://serviceusage.googleapis.com/v1/projects/lab10-a744d/services/cloudfunctions.googleapis.com:enable [none]
[debug] [2024-11-06T18:47:27.854Z] >>> [apiv2][(partial)header] POST https://serviceusage.googleapis.com/v1/projects/lab10-a744d/services/cloudfunctions.googleapis.com:enable x-goog-quota-user=projects/lab10-a744d
[debug] [2024-11-06T18:47:29.037Z] <<< [apiv2][status] POST https://serviceusage.googleapis.com/v1/projects/lab10-a744d/services/cloudfunctions.googleapis.com:enable 200
[debug] [2024-11-06T18:47:29.037Z] <<< [apiv2][body] POST https://serviceusage.googleapis.com/v1/projects/lab10-a744d/services/cloudfunctions.googleapis.com:enable [omitted]
[debug] [2024-11-06T18:47:39.044Z] Checked if tokens are valid: true, expires at: 1730922320939
[debug] [2024-11-06T18:47:39.044Z] Checked if tokens are valid: true, expires at: 1730922320939
[debug] [2024-11-06T18:47:39.044Z] >>> [apiv2][query] GET https://serviceusage.googleapis.com/v1/projects/lab10-a744d/services/cloudfunctions.googleapis.com [none]
[debug] [2024-11-06T18:47:39.044Z] >>> [apiv2][(partial)header] GET https://serviceusage.googleapis.com/v1/projects/lab10-a744d/services/cloudfunctions.googleapis.com x-goog-quota-user=projects/lab10-a744d
[debug] [2024-11-06T18:47:40.035Z] <<< [apiv2][status] GET https://serviceusage.googleapis.com/v1/projects/lab10-a744d/services/cloudfunctions.googleapis.com 200
[debug] [2024-11-06T18:47:40.035Z] <<< [apiv2][body] GET https://serviceusage.googleapis.com/v1/projects/lab10-a744d/services/cloudfunctions.googleapis.com [omitted]
[info] Let's create a new codebase for your functions.
[info] A directory corresponding to the codebase will be created in your project
[info] with sample code pre-configured.

[info] See https://firebase.google.com/docs/functions/organize-functions for
[info] more information on organizing your functions using codebases.

[info] Functions can be deployed with firebase deploy.

[info] +  Wrote functions/package.json 
[info] +  Wrote functions/.eslintrc.js 
[info] +  Wrote functions/tsconfig.json 
[info] +  Wrote functions/tsconfig.dev.json 
[info] +  Wrote functions/src/index.ts 
[info] +  Wrote functions/.gitignore 
[info] 
[info] Installing Genkit CLI
[info] Start the Genkit developer experience by running:
[info]     cd functions && genkit start
[info] 
=== Functions Setup
[debug] [2024-11-06T19:10:26.278Z] > command requires scopes: ["email","openid","https://www.googleapis.com/auth/cloudplatformprojects.readonly","https://www.googleapis.com/auth/firebase","https://www.googleapis.com/auth/cloud-platform"]
[debug] [2024-11-06T19:10:26.278Z] > authorizing via signed-in user (koval2915@gmail.com)
[debug] [2024-11-06T19:10:26.278Z] [iam] checking project lab10-a744d for permissions ["firebase.projects.get"]
[debug] [2024-11-06T19:10:26.278Z] Checked if tokens are valid: true, expires at: 1730922320939
[debug] [2024-11-06T19:10:26.278Z] Checked if tokens are valid: true, expires at: 1730922320939
[debug] [2024-11-06T19:10:26.278Z] >>> [apiv2][query] POST https://cloudresourcemanager.googleapis.com/v1/projects/lab10-a744d:testIamPermissions [none]
[debug] [2024-11-06T19:10:26.279Z] >>> [apiv2][(partial)header] POST https://cloudresourcemanager.googleapis.com/v1/projects/lab10-a744d:testIamPermissions x-goog-quota-user=projects/lab10-a744d
[debug] [2024-11-06T19:10:26.279Z] >>> [apiv2][body] POST https://cloudresourcemanager.googleapis.com/v1/projects/lab10-a744d:testIamPermissions {"permissions":["firebase.projects.get"]}
[debug] [2024-11-06T19:10:27.044Z] <<< [apiv2][status] POST https://cloudresourcemanager.googleapis.com/v1/projects/lab10-a744d:testIamPermissions 200
[debug] [2024-11-06T19:10:27.044Z] <<< [apiv2][body] POST https://cloudresourcemanager.googleapis.com/v1/projects/lab10-a744d:testIamPermissions {"permissions":["firebase.projects.get"]}
[debug] [2024-11-06T19:10:27.044Z] Checked if tokens are valid: true, expires at: 1730922320939
[debug] [2024-11-06T19:10:27.045Z] Checked if tokens are valid: true, expires at: 1730922320939
[debug] [2024-11-06T19:10:27.045Z] Checked if tokens are valid: true, expires at: 1730922320939
[debug] [2024-11-06T19:10:27.045Z] Checked if tokens are valid: true, expires at: 1730922320939
[debug] [2024-11-06T19:10:27.045Z] >>> [apiv2][query] GET https://serviceusage.googleapis.com/v1/projects/lab10-a744d/services/cloudfunctions.googleapis.com [none]
[debug] [2024-11-06T19:10:27.045Z] >>> [apiv2][(partial)header] GET https://serviceusage.googleapis.com/v1/projects/lab10-a744d/services/cloudfunctions.googleapis.com x-goog-quota-user=projects/lab10-a744d
[debug] [2024-11-06T19:10:27.047Z] >>> [apiv2][query] GET https://serviceusage.googleapis.com/v1/projects/lab10-a744d/services/runtimeconfig.googleapis.com [none]
[debug] [2024-11-06T19:10:27.047Z] >>> [apiv2][(partial)header] GET https://serviceusage.googleapis.com/v1/projects/lab10-a744d/services/runtimeconfig.googleapis.com x-goog-quota-user=projects/lab10-a744d
[debug] [2024-11-06T19:10:28.080Z] <<< [apiv2][status] GET https://serviceusage.googleapis.com/v1/projects/lab10-a744d/services/runtimeconfig.googleapis.com 200
[debug] [2024-11-06T19:10:28.081Z] <<< [apiv2][body] GET https://serviceusage.googleapis.com/v1/projects/lab10-a744d/services/runtimeconfig.googleapis.com [omitted]
[debug] [2024-11-06T19:10:28.086Z] <<< [apiv2][status] GET https://serviceusage.googleapis.com/v1/projects/lab10-a744d/services/cloudfunctions.googleapis.com 200
[debug] [2024-11-06T19:10:28.086Z] <<< [apiv2][body] GET https://serviceusage.googleapis.com/v1/projects/lab10-a744d/services/cloudfunctions.googleapis.com [omitted]
[info] 
Detected existing codebase(s): default

[info] 
Overwriting codebase default...

